2020-05-20 12:02:15,550 [INFO] from play.api.db.DefaultDBApi in play-dev-mode-akka.actor.default-dispatcher-6 - Database [default] initialized at jdbc:postgresql://localhost:5432/app_db
2020-05-20 12:02:15,560 [INFO] from play.api.db.HikariCPConnectionPool in play-dev-mode-akka.actor.default-dispatcher-6 - Creating Pool for datasource 'default'
2020-05-20 12:02:15,609 [INFO] from play.api.db.HikariCPConnectionPool in play-dev-mode-akka.actor.default-dispatcher-6 - datasource [default] bound to JNDI as DefaultDS
2020-05-20 12:02:19,220 [INFO] from play.api.http.EnabledFilters in play-dev-mode-akka.actor.default-dispatcher-6 - Enabled Filters (see <https://www.playframework.com/documentation/latest/Filters>):

    play.filters.headers.SecurityHeadersFilter
    play.filters.hosts.AllowedHostsFilter

2020-05-20 12:02:19,288 [INFO] from play.api.Play in play-dev-mode-akka.actor.default-dispatcher-6 - Application started (Dev) (no global state)
2020-05-20 12:14:46,926 [INFO] from play.api.db.HikariCPConnectionPool in application-akka.actor.internal-dispatcher-8 - Shutting down connection pool.
2020-05-20 12:14:47,404 [INFO] from play.api.db.DefaultDBApi in play-dev-mode-akka.actor.default-dispatcher-21 - Database [default] initialized at jdbc:postgresql://localhost:5432/app_db
2020-05-20 12:14:47,406 [INFO] from play.api.db.HikariCPConnectionPool in play-dev-mode-akka.actor.default-dispatcher-21 - Creating Pool for datasource 'default'
2020-05-20 12:14:47,451 [INFO] from play.api.db.HikariCPConnectionPool in play-dev-mode-akka.actor.default-dispatcher-21 - datasource [default] bound to JNDI as DefaultDS
2020-05-20 12:14:48,510 [INFO] from play.api.http.EnabledFilters in play-dev-mode-akka.actor.default-dispatcher-21 - Enabled Filters (see <https://www.playframework.com/documentation/latest/Filters>):

    play.filters.headers.SecurityHeadersFilter
    play.filters.hosts.AllowedHostsFilter

2020-05-20 12:14:48,524 [INFO] from play.api.Play in play-dev-mode-akka.actor.default-dispatcher-21 - Application started (Dev) (no global state)
2020-05-20 12:17:06,453 [INFO] from play.api.db.HikariCPConnectionPool in application-akka.actor.internal-dispatcher-9 - Shutting down connection pool.
2020-05-20 12:17:07,110 [INFO] from play.api.db.DefaultDBApi in play-dev-mode-akka.actor.default-dispatcher-27 - Database [default] initialized at jdbc:postgresql://localhost:5432/app_db
2020-05-20 12:17:07,111 [INFO] from play.api.db.HikariCPConnectionPool in play-dev-mode-akka.actor.default-dispatcher-27 - Creating Pool for datasource 'default'
2020-05-20 12:17:07,113 [INFO] from play.api.db.HikariCPConnectionPool in play-dev-mode-akka.actor.default-dispatcher-27 - datasource [default] bound to JNDI as DefaultDS
2020-05-20 12:17:07,775 [INFO] from play.api.http.EnabledFilters in play-dev-mode-akka.actor.default-dispatcher-27 - Enabled Filters (see <https://www.playframework.com/documentation/latest/Filters>):

    play.filters.headers.SecurityHeadersFilter
    play.filters.hosts.AllowedHostsFilter

2020-05-20 12:17:07,793 [INFO] from play.api.Play in play-dev-mode-akka.actor.default-dispatcher-27 - Application started (Dev) (no global state)
2020-05-20 12:18:40,273 [INFO] from play.api.db.HikariCPConnectionPool in application-akka.actor.internal-dispatcher-9 - Shutting down connection pool.
2020-05-20 12:18:40,693 [INFO] from play.api.db.DefaultDBApi in play-dev-mode-akka.actor.default-dispatcher-27 - Database [default] initialized at jdbc:postgresql://localhost:5432/app_db
2020-05-20 12:18:40,693 [INFO] from play.api.db.HikariCPConnectionPool in play-dev-mode-akka.actor.default-dispatcher-27 - Creating Pool for datasource 'default'
2020-05-20 12:18:40,697 [INFO] from play.api.db.HikariCPConnectionPool in play-dev-mode-akka.actor.default-dispatcher-27 - datasource [default] bound to JNDI as DefaultDS
2020-05-20 12:18:41,572 [INFO] from play.api.http.EnabledFilters in play-dev-mode-akka.actor.default-dispatcher-27 - Enabled Filters (see <https://www.playframework.com/documentation/latest/Filters>):

    play.filters.headers.SecurityHeadersFilter
    play.filters.hosts.AllowedHostsFilter

2020-05-20 12:18:41,589 [INFO] from play.api.Play in play-dev-mode-akka.actor.default-dispatcher-27 - Application started (Dev) (no global state)
2020-05-20 12:20:51,191 [INFO] from play.api.db.HikariCPConnectionPool in application-akka.actor.internal-dispatcher-9 - Shutting down connection pool.
2020-05-20 12:20:51,979 [INFO] from play.api.db.DefaultDBApi in play-dev-mode-akka.actor.default-dispatcher-48 - Database [default] initialized at jdbc:postgresql://localhost:5432/app_db
2020-05-20 12:20:51,980 [INFO] from play.api.db.HikariCPConnectionPool in play-dev-mode-akka.actor.default-dispatcher-48 - Creating Pool for datasource 'default'
2020-05-20 12:20:51,982 [INFO] from play.api.db.HikariCPConnectionPool in play-dev-mode-akka.actor.default-dispatcher-48 - datasource [default] bound to JNDI as DefaultDS
2020-05-20 12:20:52,369 [INFO] from play.api.http.EnabledFilters in play-dev-mode-akka.actor.default-dispatcher-48 - Enabled Filters (see <https://www.playframework.com/documentation/latest/Filters>):

    play.filters.headers.SecurityHeadersFilter
    play.filters.hosts.AllowedHostsFilter

2020-05-20 12:20:52,388 [INFO] from play.api.Play in play-dev-mode-akka.actor.default-dispatcher-48 - Application started (Dev) (no global state)
2020-05-20 12:22:17,787 [INFO] from play.api.db.HikariCPConnectionPool in application-akka.actor.internal-dispatcher-9 - Shutting down connection pool.
2020-05-20 12:22:18,413 [INFO] from play.api.db.DefaultDBApi in play-dev-mode-akka.actor.default-dispatcher-23 - Database [default] initialized at jdbc:postgresql://localhost:5432/app_db
2020-05-20 12:22:18,414 [INFO] from play.api.db.HikariCPConnectionPool in play-dev-mode-akka.actor.default-dispatcher-23 - Creating Pool for datasource 'default'
2020-05-20 12:22:18,418 [INFO] from play.api.db.HikariCPConnectionPool in play-dev-mode-akka.actor.default-dispatcher-23 - datasource [default] bound to JNDI as DefaultDS
2020-05-20 12:22:19,094 [INFO] from play.api.http.EnabledFilters in play-dev-mode-akka.actor.default-dispatcher-23 - Enabled Filters (see <https://www.playframework.com/documentation/latest/Filters>):

    play.filters.headers.SecurityHeadersFilter
    play.filters.hosts.AllowedHostsFilter

2020-05-20 12:22:19,103 [INFO] from play.api.Play in play-dev-mode-akka.actor.default-dispatcher-23 - Application started (Dev) (no global state)
2020-05-20 12:23:12,883 [INFO] from play.api.db.HikariCPConnectionPool in application-akka.actor.internal-dispatcher-9 - Shutting down connection pool.
2020-05-20 12:23:13,175 [INFO] from play.api.db.DefaultDBApi in play-dev-mode-akka.actor.default-dispatcher-49 - Database [default] initialized at jdbc:postgresql://localhost:5432/app_db
2020-05-20 12:23:13,175 [INFO] from play.api.db.HikariCPConnectionPool in play-dev-mode-akka.actor.default-dispatcher-49 - Creating Pool for datasource 'default'
2020-05-20 12:23:13,180 [INFO] from play.api.db.HikariCPConnectionPool in play-dev-mode-akka.actor.default-dispatcher-49 - datasource [default] bound to JNDI as DefaultDS
2020-05-20 12:23:13,862 [INFO] from play.api.http.EnabledFilters in play-dev-mode-akka.actor.default-dispatcher-49 - Enabled Filters (see <https://www.playframework.com/documentation/latest/Filters>):

    play.filters.headers.SecurityHeadersFilter
    play.filters.hosts.AllowedHostsFilter

2020-05-20 12:23:13,870 [INFO] from play.api.Play in play-dev-mode-akka.actor.default-dispatcher-49 - Application started (Dev) (no global state)
2020-05-20 12:25:38,994 [ERROR] from play.api.http.DefaultHttpErrorHandler in play-dev-mode-akka.actor.default-dispatcher-64 - 

! @7fooa1md0 - Internal server error, for (POST) [/quotes] ->
 
play.sbt.PlayExceptions$CompilationException: Compilation error[missing return statement]
	at play.sbt.PlayExceptions$CompilationException$.apply(PlayExceptions.scala:34)
	at play.sbt.PlayExceptions$CompilationException$.apply(PlayExceptions.scala:34)
	at scala.Option.map(Option.scala:230)
	at play.sbt.run.PlayReload$.$anonfun$taskFailureHandler$1(PlayReload.scala:40)
	at scala.Option.map(Option.scala:230)
	at play.sbt.run.PlayReload$.taskFailureHandler(PlayReload.scala:35)
	at play.sbt.run.PlayReload$.compileFailure(PlayReload.scala:28)
	at play.sbt.run.PlayReload$.$anonfun$compile$3(PlayReload.scala:63)
	at scala.util.Either$LeftProjection.map(Either.scala:573)
	at play.sbt.run.PlayReload$.compile(PlayReload.scala:63)
	at play.sbt.run.PlayRun$.$anonfun$playRunTask$4(PlayRun.scala:78)
	at play.runsupport.Reloader.$anonfun$reload$1(Reloader.scala:496)
	at play.runsupport.Reloader$$anon$1.run(Reloader.scala:57)
	at java.security.AccessController.doPrivileged(Native Method)
	at play.runsupport.Reloader$.play$runsupport$Reloader$$withReloaderContextClassLoader(Reloader.scala:63)
	at play.runsupport.Reloader.reload(Reloader.scala:496)
	at play.core.server.DevServerStart$$anon$1.get(DevServerStart.scala:141)
	at play.core.server.AkkaHttpServer.handleRequest(AkkaHttpServer.scala:300)
	at play.core.server.AkkaHttpServer.$anonfun$createServerBinding$1(AkkaHttpServer.scala:190)
	at akka.stream.impl.fusing.MapAsync$$anon$30.onPush(Ops.scala:1289)
	at akka.stream.impl.fusing.GraphInterpreter.processPush(GraphInterpreter.scala:541)
	at akka.stream.impl.fusing.GraphInterpreter.execute(GraphInterpreter.scala:423)
	at akka.stream.impl.fusing.GraphInterpreterShell.runBatch(ActorGraphInterpreter.scala:624)
	at akka.stream.impl.fusing.GraphInterpreterShell$AsyncInput.execute(ActorGraphInterpreter.scala:501)
	at akka.stream.impl.fusing.GraphInterpreterShell.processEvent(ActorGraphInterpreter.scala:599)
	at akka.stream.impl.fusing.ActorGraphInterpreter.akka$stream$impl$fusing$ActorGraphInterpreter$$processEvent(ActorGraphInterpreter.scala:768)
	at akka.stream.impl.fusing.ActorGraphInterpreter$$anonfun$receive$1.applyOrElse(ActorGraphInterpreter.scala:783)
	at akka.actor.Actor.aroundReceive(Actor.scala:534)
	at akka.actor.Actor.aroundReceive$(Actor.scala:532)
	at akka.stream.impl.fusing.ActorGraphInterpreter.aroundReceive(ActorGraphInterpreter.scala:690)
	at akka.actor.ActorCell.receiveMessage(ActorCell.scala:573)
	at akka.actor.ActorCell.invoke(ActorCell.scala:543)
	at akka.dispatch.Mailbox.processMailbox(Mailbox.scala:269)
	at akka.dispatch.Mailbox.run(Mailbox.scala:230)
	at akka.dispatch.Mailbox.exec(Mailbox.scala:242)
	at java.util.concurrent.ForkJoinTask.doExec(ForkJoinTask.java:289)
	at java.util.concurrent.ForkJoinPool$WorkQueue.runTask(ForkJoinPool.java:1056)
	at java.util.concurrent.ForkJoinPool.runWorker(ForkJoinPool.java:1692)
	at java.util.concurrent.ForkJoinWorkerThread.run(ForkJoinWorkerThread.java:157)
2020-05-20 12:25:46,777 [ERROR] from play.api.http.DefaultHttpErrorHandler in play-dev-mode-akka.actor.default-dispatcher-62 - 

! @7fooa2857 - Internal server error, for (POST) [/quotes] ->
 
play.sbt.PlayExceptions$CompilationException: Compilation error[missing return statement]
	at play.sbt.PlayExceptions$CompilationException$.apply(PlayExceptions.scala:34)
	at play.sbt.PlayExceptions$CompilationException$.apply(PlayExceptions.scala:34)
	at scala.Option.map(Option.scala:230)
	at play.sbt.run.PlayReload$.$anonfun$taskFailureHandler$1(PlayReload.scala:40)
	at scala.Option.map(Option.scala:230)
	at play.sbt.run.PlayReload$.taskFailureHandler(PlayReload.scala:35)
	at play.sbt.run.PlayReload$.compileFailure(PlayReload.scala:28)
	at play.sbt.run.PlayReload$.$anonfun$compile$3(PlayReload.scala:63)
	at scala.util.Either$LeftProjection.map(Either.scala:573)
	at play.sbt.run.PlayReload$.compile(PlayReload.scala:63)
	at play.sbt.run.PlayRun$.$anonfun$playRunTask$4(PlayRun.scala:78)
	at play.runsupport.Reloader.$anonfun$reload$1(Reloader.scala:496)
	at play.runsupport.Reloader$$anon$1.run(Reloader.scala:57)
	at java.security.AccessController.doPrivileged(Native Method)
	at play.runsupport.Reloader$.play$runsupport$Reloader$$withReloaderContextClassLoader(Reloader.scala:63)
	at play.runsupport.Reloader.reload(Reloader.scala:496)
	at play.core.server.DevServerStart$$anon$1.get(DevServerStart.scala:141)
	at play.core.server.AkkaHttpServer.handleRequest(AkkaHttpServer.scala:300)
	at play.core.server.AkkaHttpServer.$anonfun$createServerBinding$1(AkkaHttpServer.scala:190)
	at akka.stream.impl.fusing.MapAsync$$anon$30.onPush(Ops.scala:1289)
	at akka.stream.impl.fusing.GraphInterpreter.processPush(GraphInterpreter.scala:541)
	at akka.stream.impl.fusing.GraphInterpreter.execute(GraphInterpreter.scala:423)
	at akka.stream.impl.fusing.GraphInterpreterShell.runBatch(ActorGraphInterpreter.scala:624)
	at akka.stream.impl.fusing.GraphInterpreterShell$AsyncInput.execute(ActorGraphInterpreter.scala:501)
	at akka.stream.impl.fusing.GraphInterpreterShell.processEvent(ActorGraphInterpreter.scala:599)
	at akka.stream.impl.fusing.ActorGraphInterpreter.akka$stream$impl$fusing$ActorGraphInterpreter$$processEvent(ActorGraphInterpreter.scala:768)
	at akka.stream.impl.fusing.ActorGraphInterpreter$$anonfun$receive$1.applyOrElse(ActorGraphInterpreter.scala:783)
	at akka.actor.Actor.aroundReceive(Actor.scala:534)
	at akka.actor.Actor.aroundReceive$(Actor.scala:532)
	at akka.stream.impl.fusing.ActorGraphInterpreter.aroundReceive(ActorGraphInterpreter.scala:690)
	at akka.actor.ActorCell.receiveMessage(ActorCell.scala:573)
	at akka.actor.ActorCell.invoke(ActorCell.scala:543)
	at akka.dispatch.Mailbox.processMailbox(Mailbox.scala:269)
	at akka.dispatch.Mailbox.run(Mailbox.scala:230)
	at akka.dispatch.Mailbox.exec(Mailbox.scala:242)
	at java.util.concurrent.ForkJoinTask.doExec(ForkJoinTask.java:289)
	at java.util.concurrent.ForkJoinPool$WorkQueue.runTask(ForkJoinPool.java:1056)
	at java.util.concurrent.ForkJoinPool.runWorker(ForkJoinPool.java:1692)
	at java.util.concurrent.ForkJoinWorkerThread.run(ForkJoinWorkerThread.java:157)
2020-05-20 12:26:30,929 [INFO] from play.api.db.HikariCPConnectionPool in application-akka.actor.internal-dispatcher-9 - Shutting down connection pool.
2020-05-20 12:26:31,198 [INFO] from play.api.db.DefaultDBApi in play-dev-mode-akka.actor.default-dispatcher-60 - Database [default] initialized at jdbc:postgresql://localhost:5432/app_db
2020-05-20 12:26:31,198 [INFO] from play.api.db.HikariCPConnectionPool in play-dev-mode-akka.actor.default-dispatcher-60 - Creating Pool for datasource 'default'
2020-05-20 12:26:31,203 [INFO] from play.api.db.HikariCPConnectionPool in play-dev-mode-akka.actor.default-dispatcher-60 - datasource [default] bound to JNDI as DefaultDS
2020-05-20 12:26:31,772 [INFO] from play.api.http.EnabledFilters in play-dev-mode-akka.actor.default-dispatcher-60 - Enabled Filters (see <https://www.playframework.com/documentation/latest/Filters>):

    play.filters.headers.SecurityHeadersFilter
    play.filters.hosts.AllowedHostsFilter

2020-05-20 12:26:31,781 [INFO] from play.api.Play in play-dev-mode-akka.actor.default-dispatcher-60 - Application started (Dev) (no global state)
2020-05-20 12:27:50,316 [INFO] from play.api.db.HikariCPConnectionPool in application-akka.actor.internal-dispatcher-9 - Shutting down connection pool.
2020-05-20 12:27:50,811 [INFO] from play.api.db.DefaultDBApi in play-dev-mode-akka.actor.default-dispatcher-60 - Database [default] initialized at jdbc:postgresql://localhost:5432/app_db
2020-05-20 12:27:50,812 [INFO] from play.api.db.HikariCPConnectionPool in play-dev-mode-akka.actor.default-dispatcher-60 - Creating Pool for datasource 'default'
2020-05-20 12:27:50,814 [INFO] from play.api.db.HikariCPConnectionPool in play-dev-mode-akka.actor.default-dispatcher-60 - datasource [default] bound to JNDI as DefaultDS
2020-05-20 12:27:51,119 [INFO] from play.api.http.EnabledFilters in play-dev-mode-akka.actor.default-dispatcher-60 - Enabled Filters (see <https://www.playframework.com/documentation/latest/Filters>):

    play.filters.headers.SecurityHeadersFilter
    play.filters.hosts.AllowedHostsFilter

2020-05-20 12:27:51,129 [INFO] from play.api.Play in play-dev-mode-akka.actor.default-dispatcher-60 - Application started (Dev) (no global state)
2020-05-20 12:29:17,059 [INFO] from play.api.db.HikariCPConnectionPool in application-akka.actor.internal-dispatcher-9 - Shutting down connection pool.
2020-05-20 12:29:17,342 [INFO] from play.api.db.DefaultDBApi in play-dev-mode-akka.actor.default-dispatcher-63 - Database [default] initialized at jdbc:postgresql://localhost:5432/app_db
2020-05-20 12:29:17,342 [INFO] from play.api.db.HikariCPConnectionPool in play-dev-mode-akka.actor.default-dispatcher-63 - Creating Pool for datasource 'default'
2020-05-20 12:29:17,346 [INFO] from play.api.db.HikariCPConnectionPool in play-dev-mode-akka.actor.default-dispatcher-63 - datasource [default] bound to JNDI as DefaultDS
2020-05-20 12:29:18,003 [INFO] from play.api.http.EnabledFilters in play-dev-mode-akka.actor.default-dispatcher-63 - Enabled Filters (see <https://www.playframework.com/documentation/latest/Filters>):

    play.filters.headers.SecurityHeadersFilter
    play.filters.hosts.AllowedHostsFilter

2020-05-20 12:29:18,008 [INFO] from play.api.Play in play-dev-mode-akka.actor.default-dispatcher-63 - Application started (Dev) (no global state)
2020-05-20 12:32:26,267 [INFO] from play.api.db.HikariCPConnectionPool in application-akka.actor.internal-dispatcher-9 - Shutting down connection pool.
2020-05-20 12:32:26,539 [INFO] from play.api.db.DefaultDBApi in play-dev-mode-akka.actor.default-dispatcher-83 - Database [default] initialized at jdbc:postgresql://localhost:5432/app_db
2020-05-20 12:32:26,539 [INFO] from play.api.db.HikariCPConnectionPool in play-dev-mode-akka.actor.default-dispatcher-83 - Creating Pool for datasource 'default'
2020-05-20 12:32:26,543 [INFO] from play.api.db.HikariCPConnectionPool in play-dev-mode-akka.actor.default-dispatcher-83 - datasource [default] bound to JNDI as DefaultDS
2020-05-20 12:32:27,454 [INFO] from play.api.http.EnabledFilters in play-dev-mode-akka.actor.default-dispatcher-83 - Enabled Filters (see <https://www.playframework.com/documentation/latest/Filters>):

    play.filters.headers.SecurityHeadersFilter
    play.filters.hosts.AllowedHostsFilter

2020-05-20 12:32:27,459 [INFO] from play.api.Play in play-dev-mode-akka.actor.default-dispatcher-83 - Application started (Dev) (no global state)
2020-05-20 12:34:01,903 [INFO] from play.api.db.HikariCPConnectionPool in application-akka.actor.internal-dispatcher-9 - Shutting down connection pool.
2020-05-20 12:34:02,163 [INFO] from play.api.db.DefaultDBApi in play-dev-mode-akka.actor.default-dispatcher-83 - Database [default] initialized at jdbc:postgresql://localhost:5432/app_db
2020-05-20 12:34:02,163 [INFO] from play.api.db.HikariCPConnectionPool in play-dev-mode-akka.actor.default-dispatcher-83 - Creating Pool for datasource 'default'
2020-05-20 12:34:02,166 [INFO] from play.api.db.HikariCPConnectionPool in play-dev-mode-akka.actor.default-dispatcher-83 - datasource [default] bound to JNDI as DefaultDS
2020-05-20 12:34:02,849 [INFO] from play.api.http.EnabledFilters in play-dev-mode-akka.actor.default-dispatcher-83 - Enabled Filters (see <https://www.playframework.com/documentation/latest/Filters>):

    play.filters.headers.SecurityHeadersFilter
    play.filters.hosts.AllowedHostsFilter

2020-05-20 12:34:02,854 [INFO] from play.api.Play in play-dev-mode-akka.actor.default-dispatcher-83 - Application started (Dev) (no global state)
2020-05-20 12:35:04,985 [INFO] from play.api.db.HikariCPConnectionPool in application-akka.actor.internal-dispatcher-9 - Shutting down connection pool.
2020-05-20 12:35:05,248 [INFO] from play.api.db.DefaultDBApi in play-dev-mode-akka.actor.default-dispatcher-82 - Database [default] initialized at jdbc:postgresql://localhost:5432/app_db
2020-05-20 12:35:05,249 [INFO] from play.api.db.HikariCPConnectionPool in play-dev-mode-akka.actor.default-dispatcher-82 - Creating Pool for datasource 'default'
2020-05-20 12:35:05,253 [INFO] from play.api.db.HikariCPConnectionPool in play-dev-mode-akka.actor.default-dispatcher-82 - datasource [default] bound to JNDI as DefaultDS
2020-05-20 12:35:05,955 [INFO] from play.api.http.EnabledFilters in play-dev-mode-akka.actor.default-dispatcher-82 - Enabled Filters (see <https://www.playframework.com/documentation/latest/Filters>):

    play.filters.headers.SecurityHeadersFilter
    play.filters.hosts.AllowedHostsFilter

2020-05-20 12:35:05,960 [INFO] from play.api.Play in play-dev-mode-akka.actor.default-dispatcher-82 - Application started (Dev) (no global state)
2020-05-20 12:36:05,776 [ERROR] from play.api.http.DefaultHttpErrorHandler in play-dev-mode-akka.actor.default-dispatcher-83 - 

! @7foobbdjj - Internal server error, for (POST) [/quotes] ->
 
play.sbt.PlayExceptions$CompilationException: Compilation error[local variables referenced from a lambda expression must be final or effectively final]
	at play.sbt.PlayExceptions$CompilationException$.apply(PlayExceptions.scala:34)
	at play.sbt.PlayExceptions$CompilationException$.apply(PlayExceptions.scala:34)
	at scala.Option.map(Option.scala:230)
	at play.sbt.run.PlayReload$.$anonfun$taskFailureHandler$1(PlayReload.scala:40)
	at scala.Option.map(Option.scala:230)
	at play.sbt.run.PlayReload$.taskFailureHandler(PlayReload.scala:35)
	at play.sbt.run.PlayReload$.compileFailure(PlayReload.scala:28)
	at play.sbt.run.PlayReload$.$anonfun$compile$3(PlayReload.scala:63)
	at scala.util.Either$LeftProjection.map(Either.scala:573)
	at play.sbt.run.PlayReload$.compile(PlayReload.scala:63)
	at play.sbt.run.PlayRun$.$anonfun$playRunTask$4(PlayRun.scala:78)
	at play.runsupport.Reloader.$anonfun$reload$1(Reloader.scala:496)
	at play.runsupport.Reloader$$anon$1.run(Reloader.scala:57)
	at java.security.AccessController.doPrivileged(Native Method)
	at play.runsupport.Reloader$.play$runsupport$Reloader$$withReloaderContextClassLoader(Reloader.scala:63)
	at play.runsupport.Reloader.reload(Reloader.scala:496)
	at play.core.server.DevServerStart$$anon$1.get(DevServerStart.scala:141)
	at play.core.server.AkkaHttpServer.handleRequest(AkkaHttpServer.scala:300)
	at play.core.server.AkkaHttpServer.$anonfun$createServerBinding$1(AkkaHttpServer.scala:190)
	at akka.stream.impl.fusing.MapAsync$$anon$30.onPush(Ops.scala:1289)
	at akka.stream.impl.fusing.GraphInterpreter.processPush(GraphInterpreter.scala:541)
	at akka.stream.impl.fusing.GraphInterpreter.execute(GraphInterpreter.scala:423)
	at akka.stream.impl.fusing.GraphInterpreterShell.runBatch(ActorGraphInterpreter.scala:624)
	at akka.stream.impl.fusing.GraphInterpreterShell$AsyncInput.execute(ActorGraphInterpreter.scala:501)
	at akka.stream.impl.fusing.GraphInterpreterShell.processEvent(ActorGraphInterpreter.scala:599)
	at akka.stream.impl.fusing.ActorGraphInterpreter.akka$stream$impl$fusing$ActorGraphInterpreter$$processEvent(ActorGraphInterpreter.scala:768)
	at akka.stream.impl.fusing.ActorGraphInterpreter$$anonfun$receive$1.applyOrElse(ActorGraphInterpreter.scala:783)
	at akka.actor.Actor.aroundReceive(Actor.scala:534)
	at akka.actor.Actor.aroundReceive$(Actor.scala:532)
	at akka.stream.impl.fusing.ActorGraphInterpreter.aroundReceive(ActorGraphInterpreter.scala:690)
	at akka.actor.ActorCell.receiveMessage(ActorCell.scala:573)
	at akka.actor.ActorCell.invoke(ActorCell.scala:543)
	at akka.dispatch.Mailbox.processMailbox(Mailbox.scala:269)
	at akka.dispatch.Mailbox.run(Mailbox.scala:230)
	at akka.dispatch.Mailbox.exec(Mailbox.scala:242)
	at java.util.concurrent.ForkJoinTask.doExec(ForkJoinTask.java:289)
	at java.util.concurrent.ForkJoinPool$WorkQueue.runTask(ForkJoinPool.java:1056)
	at java.util.concurrent.ForkJoinPool.runWorker(ForkJoinPool.java:1692)
	at java.util.concurrent.ForkJoinWorkerThread.run(ForkJoinWorkerThread.java:157)
2020-05-20 12:36:47,996 [INFO] from play.api.db.HikariCPConnectionPool in application-akka.actor.internal-dispatcher-9 - Shutting down connection pool.
2020-05-20 12:36:48,572 [INFO] from play.api.db.DefaultDBApi in play-dev-mode-akka.actor.default-dispatcher-81 - Database [default] initialized at jdbc:postgresql://localhost:5432/app_db
2020-05-20 12:36:48,572 [INFO] from play.api.db.HikariCPConnectionPool in play-dev-mode-akka.actor.default-dispatcher-81 - Creating Pool for datasource 'default'
2020-05-20 12:36:48,574 [INFO] from play.api.db.HikariCPConnectionPool in play-dev-mode-akka.actor.default-dispatcher-81 - datasource [default] bound to JNDI as DefaultDS
2020-05-20 12:36:48,978 [INFO] from play.api.http.EnabledFilters in play-dev-mode-akka.actor.default-dispatcher-81 - Enabled Filters (see <https://www.playframework.com/documentation/latest/Filters>):

    play.filters.headers.SecurityHeadersFilter
    play.filters.hosts.AllowedHostsFilter

2020-05-20 12:36:48,983 [INFO] from play.api.Play in play-dev-mode-akka.actor.default-dispatcher-81 - Application started (Dev) (no global state)
2020-05-20 13:03:31,300 [INFO] from play.api.db.HikariCPConnectionPool in application-akka.actor.internal-dispatcher-14 - Shutting down connection pool.
2020-05-20 13:03:31,813 [ERROR] from play.api.http.DefaultHttpErrorHandler in play-dev-mode-akka.actor.default-dispatcher-98 - 

! @7foof14kl - Internal server error, for (POST) [/quotes] ->
 
play.api.UnexpectedException: Unexpected exception[CreationException: Unable to create injector, see the following errors:

1) No implementation for services.ExternalLogInfoService (with no qualifier annotation) was bound, and could not find an injectable constructor. Injectable classes must have either one (and only one) constructor annotated with @Inject or a zero-argument constructor that is not private.
  at services.ExternalLogInfoService.class(ExternalLogInfoService.java:12)
  while locating services.ExternalLogInfoService
    for the 3rd parameter of models.JPAQuoteRepository.<init>(JPAQuoteRepository.java:27)
  at models.QuoteRepository.class(QuoteRepository.java:1)
  while locating models.QuoteRepository
    for the 1st parameter of controllers.GeneralController.<init>(GeneralController.java:36)
  while locating controllers.GeneralController
    for the 2nd parameter of router.Routes.<init>(Routes.scala:30)
  at play.api.inject.RoutesProvider$.bindingsFromConfiguration(BuiltinModule.scala:137):
Binding(class router.Routes to self) (via modules: com.google.inject.util.Modules$OverrideModule -> play.api.inject.guice.GuiceableModuleConversions$$anon$4)

2) No implementation for services.ExternalLogInfoService (with no qualifier annotation) was bound, and could not find an injectable constructor. Injectable classes must have either one (and only one) constructor annotated with @Inject or a zero-argument constructor that is not private.
  at services.ExternalLogInfoService.class(ExternalLogInfoService.java:12)
  while locating services.ExternalLogInfoService
    for the 3rd parameter of models.JPAQuoteRepository.<init>(JPAQuoteRepository.java:27)
  while locating models.JPAQuoteRepository
    for the 3rd parameter of services.ExternalAPIService.<init>(ExternalAPIService.java:28)
  while locating services.ExternalAPIService
    for the 7th parameter of controllers.GeneralController.<init>(GeneralController.java:36)
  while locating controllers.GeneralController
    for the 2nd parameter of router.Routes.<init>(Routes.scala:30)
  at play.api.inject.RoutesProvider$.bindingsFromConfiguration(BuiltinModule.scala:137):
Binding(class router.Routes to self) (via modules: com.google.inject.util.Modules$OverrideModule -> play.api.inject.guice.GuiceableModuleConversions$$anon$4)

2 errors]
	at play.core.server.DevServerStart$$anon$1.reload(DevServerStart.scala:211)
	at play.core.server.DevServerStart$$anon$1.get(DevServerStart.scala:142)
	at play.core.server.AkkaHttpServer.handleRequest(AkkaHttpServer.scala:300)
	at play.core.server.AkkaHttpServer.$anonfun$createServerBinding$1(AkkaHttpServer.scala:190)
	at akka.stream.impl.fusing.MapAsync$$anon$30.onPush(Ops.scala:1289)
	at akka.stream.impl.fusing.GraphInterpreter.processPush(GraphInterpreter.scala:541)
	at akka.stream.impl.fusing.GraphInterpreter.execute(GraphInterpreter.scala:423)
	at akka.stream.impl.fusing.GraphInterpreterShell.runBatch(ActorGraphInterpreter.scala:624)
	at akka.stream.impl.fusing.GraphInterpreterShell$AsyncInput.execute(ActorGraphInterpreter.scala:501)
	at akka.stream.impl.fusing.GraphInterpreterShell.processEvent(ActorGraphInterpreter.scala:599)
	at akka.stream.impl.fusing.ActorGraphInterpreter.akka$stream$impl$fusing$ActorGraphInterpreter$$processEvent(ActorGraphInterpreter.scala:768)
	at akka.stream.impl.fusing.ActorGraphInterpreter$$anonfun$receive$1.applyOrElse(ActorGraphInterpreter.scala:783)
	at akka.actor.Actor.aroundReceive(Actor.scala:534)
	at akka.actor.Actor.aroundReceive$(Actor.scala:532)
	at akka.stream.impl.fusing.ActorGraphInterpreter.aroundReceive(ActorGraphInterpreter.scala:690)
	at akka.actor.ActorCell.receiveMessage(ActorCell.scala:573)
	at akka.actor.ActorCell.invoke(ActorCell.scala:543)
	at akka.dispatch.Mailbox.processMailbox(Mailbox.scala:269)
	at akka.dispatch.Mailbox.run(Mailbox.scala:230)
	at akka.dispatch.Mailbox.exec(Mailbox.scala:242)
	at java.util.concurrent.ForkJoinTask.doExec(ForkJoinTask.java:289)
	at java.util.concurrent.ForkJoinPool$WorkQueue.runTask(ForkJoinPool.java:1056)
	at java.util.concurrent.ForkJoinPool.runWorker(ForkJoinPool.java:1692)
	at java.util.concurrent.ForkJoinWorkerThread.run(ForkJoinWorkerThread.java:157)
Caused by: com.google.inject.CreationException: Unable to create injector, see the following errors:

1) No implementation for services.ExternalLogInfoService (with no qualifier annotation) was bound, and could not find an injectable constructor. Injectable classes must have either one (and only one) constructor annotated with @Inject or a zero-argument constructor that is not private.
  at services.ExternalLogInfoService.class(ExternalLogInfoService.java:12)
  while locating services.ExternalLogInfoService
    for the 3rd parameter of models.JPAQuoteRepository.<init>(JPAQuoteRepository.java:27)
  at models.QuoteRepository.class(QuoteRepository.java:1)
  while locating models.QuoteRepository
    for the 1st parameter of controllers.GeneralController.<init>(GeneralController.java:36)
  while locating controllers.GeneralController
    for the 2nd parameter of router.Routes.<init>(Routes.scala:30)
  at play.api.inject.RoutesProvider$.bindingsFromConfiguration(BuiltinModule.scala:137):
Binding(class router.Routes to self) (via modules: com.google.inject.util.Modules$OverrideModule -> play.api.inject.guice.GuiceableModuleConversions$$anon$4)

2) No implementation for services.ExternalLogInfoService (with no qualifier annotation) was bound, and could not find an injectable constructor. Injectable classes must have either one (and only one) constructor annotated with @Inject or a zero-argument constructor that is not private.
  at services.ExternalLogInfoService.class(ExternalLogInfoService.java:12)
  while locating services.ExternalLogInfoService
    for the 3rd parameter of models.JPAQuoteRepository.<init>(JPAQuoteRepository.java:27)
  while locating models.JPAQuoteRepository
    for the 3rd parameter of services.ExternalAPIService.<init>(ExternalAPIService.java:28)
  while locating services.ExternalAPIService
    for the 7th parameter of controllers.GeneralController.<init>(GeneralController.java:36)
  while locating controllers.GeneralController
    for the 2nd parameter of router.Routes.<init>(Routes.scala:30)
  at play.api.inject.RoutesProvider$.bindingsFromConfiguration(BuiltinModule.scala:137):
Binding(class router.Routes to self) (via modules: com.google.inject.util.Modules$OverrideModule -> play.api.inject.guice.GuiceableModuleConversions$$anon$4)

2 errors
	at com.google.inject.internal.Errors.throwCreationExceptionIfErrorsExist(Errors.java:554)
	at com.google.inject.internal.InternalInjectorCreator.initializeStatically(InternalInjectorCreator.java:161)
	at com.google.inject.internal.InternalInjectorCreator.build(InternalInjectorCreator.java:108)
	at com.google.inject.Guice.createInjector(Guice.java:87)
	at com.google.inject.Guice.createInjector(Guice.java:78)
	at play.api.inject.guice.GuiceBuilder.injector(GuiceInjectorBuilder.scala:200)
	at play.api.inject.guice.GuiceApplicationBuilder.build(GuiceApplicationBuilder.scala:155)
	at play.api.inject.guice.GuiceApplicationLoader.load(GuiceApplicationLoader.scala:21)
	at play.core.server.DevServerStart$$anon$1.$anonfun$reload$3(DevServerStart.scala:190)
	at play.utils.Threads$.withContextClassLoader(Threads.scala:22)
	at play.core.server.DevServerStart$$anon$1.reload(DevServerStart.scala:182)
	... 23 common frames omitted
2020-05-20 13:05:11,613 [ERROR] from play.api.http.DefaultHttpErrorHandler in play-dev-mode-akka.actor.default-dispatcher-104 - 

! @7foof6mb9 - Internal server error, for (POST) [/quotes] ->
 
play.api.UnexpectedException: Unexpected exception[CreationException: Unable to create injector, see the following errors:

1) No implementation for services.ExternalLogInfoService (with no qualifier annotation) was bound, and could not find an injectable constructor. Injectable classes must have either one (and only one) constructor annotated with @Inject or a zero-argument constructor that is not private.
  at services.ExternalLogInfoService.class(ExternalLogInfoService.java:12)
  while locating services.ExternalLogInfoService
    for the 3rd parameter of models.JPAQuoteRepository.<init>(JPAQuoteRepository.java:27)
  at models.QuoteRepository.class(QuoteRepository.java:1)
  while locating models.QuoteRepository
    for the 1st parameter of controllers.GeneralController.<init>(GeneralController.java:38)
  while locating controllers.GeneralController
    for the 2nd parameter of router.Routes.<init>(Routes.scala:30)
  at play.api.inject.RoutesProvider$.bindingsFromConfiguration(BuiltinModule.scala:137):
Binding(class router.Routes to self) (via modules: com.google.inject.util.Modules$OverrideModule -> play.api.inject.guice.GuiceableModuleConversions$$anon$4)

2) No implementation for services.ExternalLogInfoService (with no qualifier annotation) was bound, and could not find an injectable constructor. Injectable classes must have either one (and only one) constructor annotated with @Inject or a zero-argument constructor that is not private.
  at services.ExternalLogInfoService.class(ExternalLogInfoService.java:12)
  while locating services.ExternalLogInfoService
    for the 3rd parameter of models.JPAQuoteRepository.<init>(JPAQuoteRepository.java:27)
  while locating models.JPAQuoteRepository
    for the 3rd parameter of services.ExternalAPIService.<init>(ExternalAPIService.java:28)
  while locating services.ExternalAPIService
    for the 7th parameter of controllers.GeneralController.<init>(GeneralController.java:38)
  while locating controllers.GeneralController
    for the 2nd parameter of router.Routes.<init>(Routes.scala:30)
  at play.api.inject.RoutesProvider$.bindingsFromConfiguration(BuiltinModule.scala:137):
Binding(class router.Routes to self) (via modules: com.google.inject.util.Modules$OverrideModule -> play.api.inject.guice.GuiceableModuleConversions$$anon$4)

3) No implementation for services.ExternalLogInfoService (with no qualifier annotation) was bound, and could not find an injectable constructor. Injectable classes must have either one (and only one) constructor annotated with @Inject or a zero-argument constructor that is not private.
  at services.ExternalLogInfoService.class(ExternalLogInfoService.java:12)
  while locating services.ExternalLogInfoService
    for the 8th parameter of controllers.GeneralController.<init>(GeneralController.java:38)
  while locating controllers.GeneralController
    for the 2nd parameter of router.Routes.<init>(Routes.scala:30)
  at play.api.inject.RoutesProvider$.bindingsFromConfiguration(BuiltinModule.scala:137):
Binding(class router.Routes to self) (via modules: com.google.inject.util.Modules$OverrideModule -> play.api.inject.guice.GuiceableModuleConversions$$anon$4)

3 errors]
	at play.core.server.DevServerStart$$anon$1.reload(DevServerStart.scala:211)
	at play.core.server.DevServerStart$$anon$1.get(DevServerStart.scala:142)
	at play.core.server.AkkaHttpServer.handleRequest(AkkaHttpServer.scala:300)
	at play.core.server.AkkaHttpServer.$anonfun$createServerBinding$1(AkkaHttpServer.scala:190)
	at akka.stream.impl.fusing.MapAsync$$anon$30.onPush(Ops.scala:1289)
	at akka.stream.impl.fusing.GraphInterpreter.processPush(GraphInterpreter.scala:541)
	at akka.stream.impl.fusing.GraphInterpreter.execute(GraphInterpreter.scala:423)
	at akka.stream.impl.fusing.GraphInterpreterShell.runBatch(ActorGraphInterpreter.scala:624)
	at akka.stream.impl.fusing.GraphInterpreterShell$AsyncInput.execute(ActorGraphInterpreter.scala:501)
	at akka.stream.impl.fusing.GraphInterpreterShell.processEvent(ActorGraphInterpreter.scala:599)
	at akka.stream.impl.fusing.ActorGraphInterpreter.akka$stream$impl$fusing$ActorGraphInterpreter$$processEvent(ActorGraphInterpreter.scala:768)
	at akka.stream.impl.fusing.ActorGraphInterpreter$$anonfun$receive$1.applyOrElse(ActorGraphInterpreter.scala:783)
	at akka.actor.Actor.aroundReceive(Actor.scala:534)
	at akka.actor.Actor.aroundReceive$(Actor.scala:532)
	at akka.stream.impl.fusing.ActorGraphInterpreter.aroundReceive(ActorGraphInterpreter.scala:690)
	at akka.actor.ActorCell.receiveMessage(ActorCell.scala:573)
	at akka.actor.ActorCell.invoke(ActorCell.scala:543)
	at akka.dispatch.Mailbox.processMailbox(Mailbox.scala:269)
	at akka.dispatch.Mailbox.run(Mailbox.scala:230)
	at akka.dispatch.Mailbox.exec(Mailbox.scala:242)
	at java.util.concurrent.ForkJoinTask.doExec(ForkJoinTask.java:289)
	at java.util.concurrent.ForkJoinPool$WorkQueue.runTask(ForkJoinPool.java:1056)
	at java.util.concurrent.ForkJoinPool.runWorker(ForkJoinPool.java:1692)
	at java.util.concurrent.ForkJoinWorkerThread.run(ForkJoinWorkerThread.java:157)
Caused by: com.google.inject.CreationException: Unable to create injector, see the following errors:

1) No implementation for services.ExternalLogInfoService (with no qualifier annotation) was bound, and could not find an injectable constructor. Injectable classes must have either one (and only one) constructor annotated with @Inject or a zero-argument constructor that is not private.
  at services.ExternalLogInfoService.class(ExternalLogInfoService.java:12)
  while locating services.ExternalLogInfoService
    for the 3rd parameter of models.JPAQuoteRepository.<init>(JPAQuoteRepository.java:27)
  at models.QuoteRepository.class(QuoteRepository.java:1)
  while locating models.QuoteRepository
    for the 1st parameter of controllers.GeneralController.<init>(GeneralController.java:38)
  while locating controllers.GeneralController
    for the 2nd parameter of router.Routes.<init>(Routes.scala:30)
  at play.api.inject.RoutesProvider$.bindingsFromConfiguration(BuiltinModule.scala:137):
Binding(class router.Routes to self) (via modules: com.google.inject.util.Modules$OverrideModule -> play.api.inject.guice.GuiceableModuleConversions$$anon$4)

2) No implementation for services.ExternalLogInfoService (with no qualifier annotation) was bound, and could not find an injectable constructor. Injectable classes must have either one (and only one) constructor annotated with @Inject or a zero-argument constructor that is not private.
  at services.ExternalLogInfoService.class(ExternalLogInfoService.java:12)
  while locating services.ExternalLogInfoService
    for the 3rd parameter of models.JPAQuoteRepository.<init>(JPAQuoteRepository.java:27)
  while locating models.JPAQuoteRepository
    for the 3rd parameter of services.ExternalAPIService.<init>(ExternalAPIService.java:28)
  while locating services.ExternalAPIService
    for the 7th parameter of controllers.GeneralController.<init>(GeneralController.java:38)
  while locating controllers.GeneralController
    for the 2nd parameter of router.Routes.<init>(Routes.scala:30)
  at play.api.inject.RoutesProvider$.bindingsFromConfiguration(BuiltinModule.scala:137):
Binding(class router.Routes to self) (via modules: com.google.inject.util.Modules$OverrideModule -> play.api.inject.guice.GuiceableModuleConversions$$anon$4)

3) No implementation for services.ExternalLogInfoService (with no qualifier annotation) was bound, and could not find an injectable constructor. Injectable classes must have either one (and only one) constructor annotated with @Inject or a zero-argument constructor that is not private.
  at services.ExternalLogInfoService.class(ExternalLogInfoService.java:12)
  while locating services.ExternalLogInfoService
    for the 8th parameter of controllers.GeneralController.<init>(GeneralController.java:38)
  while locating controllers.GeneralController
    for the 2nd parameter of router.Routes.<init>(Routes.scala:30)
  at play.api.inject.RoutesProvider$.bindingsFromConfiguration(BuiltinModule.scala:137):
Binding(class router.Routes to self) (via modules: com.google.inject.util.Modules$OverrideModule -> play.api.inject.guice.GuiceableModuleConversions$$anon$4)

3 errors
	at com.google.inject.internal.Errors.throwCreationExceptionIfErrorsExist(Errors.java:554)
	at com.google.inject.internal.InternalInjectorCreator.initializeStatically(InternalInjectorCreator.java:161)
	at com.google.inject.internal.InternalInjectorCreator.build(InternalInjectorCreator.java:108)
	at com.google.inject.Guice.createInjector(Guice.java:87)
	at com.google.inject.Guice.createInjector(Guice.java:78)
	at play.api.inject.guice.GuiceBuilder.injector(GuiceInjectorBuilder.scala:200)
	at play.api.inject.guice.GuiceApplicationBuilder.build(GuiceApplicationBuilder.scala:155)
	at play.api.inject.guice.GuiceApplicationLoader.load(GuiceApplicationLoader.scala:21)
	at play.core.server.DevServerStart$$anon$1.$anonfun$reload$3(DevServerStart.scala:190)
	at play.utils.Threads$.withContextClassLoader(Threads.scala:22)
	at play.core.server.DevServerStart$$anon$1.reload(DevServerStart.scala:182)
	... 23 common frames omitted
2020-05-20 13:06:48,932 [INFO] from play.api.db.DefaultDBApi in play-dev-mode-akka.actor.default-dispatcher-98 - Database [default] initialized at jdbc:postgresql://localhost:5432/app_db
2020-05-20 13:06:48,932 [INFO] from play.api.db.HikariCPConnectionPool in play-dev-mode-akka.actor.default-dispatcher-98 - Creating Pool for datasource 'default'
2020-05-20 13:06:48,935 [INFO] from play.api.db.HikariCPConnectionPool in play-dev-mode-akka.actor.default-dispatcher-98 - datasource [default] bound to JNDI as DefaultDS
2020-05-20 13:06:49,683 [INFO] from play.api.http.EnabledFilters in play-dev-mode-akka.actor.default-dispatcher-98 - Enabled Filters (see <https://www.playframework.com/documentation/latest/Filters>):

    play.filters.headers.SecurityHeadersFilter
    play.filters.hosts.AllowedHostsFilter

2020-05-20 13:06:49,688 [INFO] from play.api.Play in play-dev-mode-akka.actor.default-dispatcher-98 - Application started (Dev) (no global state)
2020-05-20 13:14:03,579 [INFO] from play.api.db.HikariCPConnectionPool in application-akka.actor.internal-dispatcher-14 - Shutting down connection pool.
2020-05-20 13:14:05,346 [INFO] from play.api.db.DefaultDBApi in play-dev-mode-akka.actor.default-dispatcher-115 - Database [default] initialized at jdbc:postgresql://localhost:5432/app_db
2020-05-20 13:14:05,346 [INFO] from play.api.db.HikariCPConnectionPool in play-dev-mode-akka.actor.default-dispatcher-115 - Creating Pool for datasource 'default'
2020-05-20 13:14:05,349 [INFO] from play.api.db.HikariCPConnectionPool in play-dev-mode-akka.actor.default-dispatcher-115 - datasource [default] bound to JNDI as DefaultDS
2020-05-20 13:14:10,824 [INFO] from play.api.http.EnabledFilters in play-dev-mode-akka.actor.default-dispatcher-115 - Enabled Filters (see <https://www.playframework.com/documentation/latest/Filters>):

    play.filters.headers.SecurityHeadersFilter
    play.filters.hosts.AllowedHostsFilter

2020-05-20 13:14:10,830 [INFO] from play.api.Play in play-dev-mode-akka.actor.default-dispatcher-115 - Application started (Dev) (no global state)
2020-05-20 13:15:33,815 [INFO] from play.api.db.HikariCPConnectionPool in application-akka.actor.internal-dispatcher-8 - Shutting down connection pool.
2020-05-20 13:15:35,137 [INFO] from play.api.db.DefaultDBApi in play-dev-mode-akka.actor.default-dispatcher-117 - Database [default] initialized at jdbc:postgresql://localhost:5432/app_db
2020-05-20 13:15:35,137 [INFO] from play.api.db.HikariCPConnectionPool in play-dev-mode-akka.actor.default-dispatcher-117 - Creating Pool for datasource 'default'
2020-05-20 13:15:35,164 [INFO] from play.api.db.HikariCPConnectionPool in play-dev-mode-akka.actor.default-dispatcher-117 - datasource [default] bound to JNDI as DefaultDS
2020-05-20 13:15:36,226 [INFO] from play.api.http.EnabledFilters in play-dev-mode-akka.actor.default-dispatcher-117 - Enabled Filters (see <https://www.playframework.com/documentation/latest/Filters>):

    play.filters.headers.SecurityHeadersFilter
    play.filters.hosts.AllowedHostsFilter

2020-05-20 13:15:36,230 [INFO] from play.api.Play in play-dev-mode-akka.actor.default-dispatcher-117 - Application started (Dev) (no global state)
2020-05-20 13:16:35,689 [INFO] from play.api.db.HikariCPConnectionPool in application-akka.actor.internal-dispatcher-8 - Shutting down connection pool.
2020-05-20 13:16:36,262 [INFO] from play.api.db.DefaultDBApi in play-dev-mode-akka.actor.default-dispatcher-120 - Database [default] initialized at jdbc:postgresql://localhost:5432/app_db
2020-05-20 13:16:36,263 [INFO] from play.api.db.HikariCPConnectionPool in play-dev-mode-akka.actor.default-dispatcher-120 - Creating Pool for datasource 'default'
2020-05-20 13:16:36,265 [INFO] from play.api.db.HikariCPConnectionPool in play-dev-mode-akka.actor.default-dispatcher-120 - datasource [default] bound to JNDI as DefaultDS
2020-05-20 13:16:36,624 [INFO] from play.api.http.EnabledFilters in play-dev-mode-akka.actor.default-dispatcher-120 - Enabled Filters (see <https://www.playframework.com/documentation/latest/Filters>):

    play.filters.headers.SecurityHeadersFilter
    play.filters.hosts.AllowedHostsFilter

2020-05-20 13:16:36,629 [INFO] from play.api.Play in play-dev-mode-akka.actor.default-dispatcher-120 - Application started (Dev) (no global state)
